<?xml version="1.0" encoding="UTF-8" ?>
<testsuite tests="1" failures="0" name="org.apache.commons.math3.primes.PrimesTest" time="0.003" errors="1" skipped="0">
  <properties>
[...]
</properties>
  <testcase classname="org.apache.commons.math3.primes.PrimesTest" name="initializationError" time="0.003">
    <error message="Invalid test class &apos;org.apache.commons.math3.primes.PrimesTest&apos;:
  1. The class org.apache.commons.math3.primes.PrimesTest is not public.
  2. Test class should have exactly one public constructor
  3. Method primeFactors() should be public
  4. Method nextPrime() should be public
  5. Method isPrime() should be public" type="org.junit.runners.model.InvalidTestClassError">org.junit.runners.model.InvalidTestClassError: Invalid test class &apos;org.apache.commons.math3.primes.PrimesTest&apos;:
  1. The class org.apache.commons.math3.primes.PrimesTest is not public.
  2. Test class should have exactly one public constructor
  3. Method primeFactors() should be public
  4. Method nextPrime() should be public
  5. Method isPrime() should be public
	at org.junit.runners.ParentRunner.validate(ParentRunner.java:525)
	at org.junit.runners.ParentRunner.&lt;init&gt;(ParentRunner.java:102)
	at org.junit.runners.BlockJUnit4ClassRunner.&lt;init&gt;(BlockJUnit4ClassRunner.java:84)
	at org.junit.runners.JUnit4.&lt;init&gt;(JUnit4.java:23)
	at org.junit.internal.builders.JUnit4Builder.runnerForClass(JUnit4Builder.java:10)
	at org.junit.runners.model.RunnerBuilder.safeRunnerForClass(RunnerBuilder.java:70)
	at org.junit.internal.builders.AllDefaultPossibilitiesBuilder.runnerForClass(AllDefaultPossibilitiesBuilder.java:37)
	at org.junit.runners.model.RunnerBuilder.safeRunnerForClass(RunnerBuilder.java:70)
	at org.junit.internal.requests.ClassRequest.createRunner(ClassRequest.java:28)
	at org.junit.internal.requests.MemoizingRequest.getRunner(MemoizingRequest.java:19)
	at org.apache.maven.surefire.junit4.JUnit4Provider.execute(JUnit4Provider.java:250)
	at org.apache.maven.surefire.junit4.JUnit4Provider.executeTestSet(JUnit4Provider.java:141)
	at org.apache.maven.surefire.junit4.JUnit4Provider.invoke(JUnit4Provider.java:112)
	at sun.reflect.NativeMethodAccessorImpl.invoke0(Native Method)
	at sun.reflect.NativeMethodAccessorImpl.invoke(NativeMethodAccessorImpl.java:62)
	at sun.reflect.DelegatingMethodAccessorImpl.invoke(DelegatingMethodAccessorImpl.java:43)
	at java.lang.reflect.Method.invoke(Method.java:498)
	at org.apache.maven.surefire.util.ReflectionUtils.invokeMethodWithArray(ReflectionUtils.java:189)
	at org.apache.maven.surefire.booter.ProviderFactory$ProviderProxy.invoke(ProviderFactory.java:165)
	at org.apache.maven.surefire.booter.ProviderFactory.invokeProvider(ProviderFactory.java:85)
	at org.apache.maven.surefire.booter.ForkedBooter.runSuitesInProcess(ForkedBooter.java:115)
	at org.apache.maven.surefire.booter.ForkedBooter.main(ForkedBooter.java:75)
</error>
  </testcase>
</testsuite>